<?xml version="1.0" encoding="UTF-8"?>
<!-- Generated by org.testng.reporters.JUnitReportReporter -->
<testsuite hostname="Shibu" failures="0" tests="1" name="com.gtplBank.testCases.TC_Login_Test_001" time="48.876" errors="0" timestamp="2022-07-25T22:08:03 IST" skipped="0">
  <testcase classname="com.gtplBank.testCases.TC_Login_Test_001" name="loginTest" time="48.876"/>
  <system-out/>
</testsuite> <!-- com.gtplBank.testCases.TC_Login_Test_001 -->
