<?xml version="1.0" encoding="UTF-8"?>
<!-- Generated by org.testng.reporters.JUnitReportReporter -->
<testsuite hostname="Shibu" failures="0" tests="1" name="com.gtplBank.testCases.TC_Login_Test_001" time="77.151" errors="0" timestamp="2022-07-27T01:46:44 IST" skipped="0">
  <testcase classname="com.gtplBank.testCases.TC_Login_Test_001" name="loginTest" time="77.151"/>
  <system-out/>
</testsuite> <!-- com.gtplBank.testCases.TC_Login_Test_001 -->
